<?xml version="1.0" encoding="UTF-8"?>
<!-- Generated by org.testng.reporters.JUnitXMLReporter -->
<testsuite hostname="DESKTOP-30FNJH5" name="Default test" tests="7" failures="0" timestamp="14 Oct 2018 05:39:05 GMT" time="0.259" errors="0">
  <testcase name="tc" time="0.011" classname="pkg1.Class1"/>
  <testcase name="tc" time="0.002" classname="pkg1.Class1"/>
  <testcase name="tc" time="0.001" classname="pkg1.Class1"/>
  <testcase name="tc" time="0.005" classname="pkg1.Class1"/>
  <testcase name="tc" time="0.003" classname="pkg1.Class1"/>
  <testcase name="tc" time="0.002" classname="pkg1.Class1"/>
  <testcase name="tc" time="0.004" classname="pkg1.Class1"/>
</testsuite> <!-- Default test -->
